Traceback (most recent call last):
  File "/home/jubayer/anaconda3/envs/dsn-template/lib/python3.7/site-packages/jupyter_cache/executors/utils.py", line 56, in single_nb_execution
    record_timing=False,
  File "/home/jubayer/anaconda3/envs/dsn-template/lib/python3.7/site-packages/nbclient/client.py", line 1082, in execute
    return NotebookClient(nb=nb, resources=resources, km=km, **kwargs).execute()
  File "/home/jubayer/anaconda3/envs/dsn-template/lib/python3.7/site-packages/nbclient/util.py", line 74, in wrapped
    return just_run(coro(*args, **kwargs))
  File "/home/jubayer/anaconda3/envs/dsn-template/lib/python3.7/site-packages/nbclient/util.py", line 53, in just_run
    return loop.run_until_complete(coro)
  File "/home/jubayer/anaconda3/envs/dsn-template/lib/python3.7/asyncio/base_events.py", line 587, in run_until_complete
    return future.result()
  File "/home/jubayer/anaconda3/envs/dsn-template/lib/python3.7/site-packages/nbclient/client.py", line 536, in async_execute
    cell, index, execution_count=self.code_cells_executed + 1
  File "/home/jubayer/anaconda3/envs/dsn-template/lib/python3.7/site-packages/nbclient/client.py", line 827, in async_execute_cell
    self._check_raise_for_error(cell, exec_reply)
  File "/home/jubayer/anaconda3/envs/dsn-template/lib/python3.7/site-packages/nbclient/client.py", line 735, in _check_raise_for_error
    raise CellExecutionError.from_cell_and_msg(cell, exec_reply['content'])
nbclient.exceptions.CellExecutionError: An error occurred while executing the following cell:
------------------
import screed
with screed.open("../data/Haemophilus_influenzae.fasta") as seqfile: 
    for read in seqfile:
        seq = read.sequence    
        name = read.name 
------------------

[0;31m---------------------------------------------------------------------------[0m
[0;31mModuleNotFoundError[0m                       Traceback (most recent call last)
[0;32m<ipython-input-1-a949bf276ccb>[0m in [0;36m<module>[0;34m[0m
[0;32m----> 1[0;31m [0;32mimport[0m [0mscreed[0m[0;34m[0m[0;34m[0m[0m
[0m[1;32m      2[0m [0;32mwith[0m [0mscreed[0m[0;34m.[0m[0mopen[0m[0;34m([0m[0;34m"../data/Haemophilus_influenzae.fasta"[0m[0;34m)[0m [0;32mas[0m [0mseqfile[0m[0;34m:[0m[0;34m[0m[0;34m[0m[0m
[1;32m      3[0m     [0;32mfor[0m [0mread[0m [0;32min[0m [0mseqfile[0m[0;34m:[0m[0;34m[0m[0;34m[0m[0m
[1;32m      4[0m         [0mseq[0m [0;34m=[0m [0mread[0m[0;34m.[0m[0msequence[0m[0;34m[0m[0;34m[0m[0m
[1;32m      5[0m         [0mname[0m [0;34m=[0m [0mread[0m[0;34m.[0m[0mname[0m[0;34m[0m[0;34m[0m[0m

[0;31mModuleNotFoundError[0m: No module named 'screed'
ModuleNotFoundError: No module named 'screed'

